#-----------------------------------------------------------
# Vivado v2023.2 (64-bit)
# SW Build 4029153 on Fri Oct 13 20:14:34 MDT 2023
# IP Build 4028589 on Sat Oct 14 00:45:43 MDT 2023
# SharedData Build 4025554 on Tue Oct 10 17:18:54 MDT 2023
# Start of session at: Mon Mar 11 12:51:08 2024
# Process ID: 1768
# Current directory: C:/Users/Project/Desktop/gray_conversion/code/ip/Subsystem/src
# Command line: vivado.exe -mode batch -source ProjectGeneration.tcl -notrace
# Log file: C:/Users/Project/Desktop/gray_conversion/code/ip/Subsystem/src/vivado.log
# Journal file: C:/Users/Project/Desktop/gray_conversion/code/ip/Subsystem/src\vivado.jou
# Running On: DESKTOP-UHSDM4V, OS: Windows, CPU Frequency: 2904 MHz, CPU Physical cores: 6, Host memory: 8365 MB
#-----------------------------------------------------------
source ProjectGeneration.tcl -notrace
create_project: Time (s): cpu = 00:00:07 ; elapsed = 00:00:09 . Memory (MB): peak = 555.062 ; gain = 181.379
WARNING: [Coretcl 2-176] No IPs found
INFO: [IP_Flow 19-234] Refreshing IP repositories
INFO: [IP_Flow 19-1704] No user IP repositories specified
INFO: [IP_Flow 19-2313] Loaded Vivado IP repository 'C:/Xilinx/Vivado/2023.2/data/ip'.
WARNING: [IP_Flow 19-4832] The IP name 'subsystem_c_addsub_v12_0_i0' you have specified is long. The Windows operating system has path length limitations. It is recommended you use shorter names to reduce the likelihood of issues.
WARNING: [Vivado 12-3523] Attempt to change 'Component_Name' from 'subsystem_c_addsub_v12_0_i0' to 'subsystem_c_addsub_v12_0_i0' is not allowed and is ignored.
WARNING: [IP_Flow 19-3374] An attempt to modify the value of disabled parameter 'B_Value' from '000000000000000000000000' to '0' has been ignored for IP 'subsystem_c_addsub_v12_0_i0'
WARNING: [IP_Flow 19-3374] An attempt to modify the value of disabled parameter 'Bypass_Sense' from 'Active_High' to 'Active_Low' has been ignored for IP 'subsystem_c_addsub_v12_0_i0'
WARNING: [IP_Flow 19-3374] An attempt to modify the value of disabled parameter 'Bypass_CE_Priority' from 'CE_Overrides_Bypass' to 'Bypass_Overrides_CE' has been ignored for IP 'subsystem_c_addsub_v12_0_i0'
WARNING: [IP_Flow 19-4832] The IP name 'subsystem_c_addsub_v12_0_i1' you have specified is long. The Windows operating system has path length limitations. It is recommended you use shorter names to reduce the likelihood of issues.
WARNING: [Vivado 12-3523] Attempt to change 'Component_Name' from 'subsystem_c_addsub_v12_0_i1' to 'subsystem_c_addsub_v12_0_i1' is not allowed and is ignored.
WARNING: [IP_Flow 19-3374] An attempt to modify the value of disabled parameter 'B_Value' from '00000000000000000000000' to '0' has been ignored for IP 'subsystem_c_addsub_v12_0_i1'
WARNING: [IP_Flow 19-3374] An attempt to modify the value of disabled parameter 'Bypass_Sense' from 'Active_High' to 'Active_Low' has been ignored for IP 'subsystem_c_addsub_v12_0_i1'
WARNING: [IP_Flow 19-3374] An attempt to modify the value of disabled parameter 'Bypass_CE_Priority' from 'CE_Overrides_Bypass' to 'Bypass_Overrides_CE' has been ignored for IP 'subsystem_c_addsub_v12_0_i1'
WARNING: [IP_Flow 19-4832] The IP name 'subsystem_mult_gen_v12_0_i0' you have specified is long. The Windows operating system has path length limitations. It is recommended you use shorter names to reduce the likelihood of issues.
WARNING: [Vivado 12-3523] Attempt to change 'Component_Name' from 'subsystem_mult_gen_v12_0_i0' to 'subsystem_mult_gen_v12_0_i0' is not allowed and is ignored.
WARNING: [IP_Flow 19-3374] An attempt to modify the value of disabled parameter 'PortBType' from 'Signed' to 'Unsigned' has been ignored for IP 'subsystem_mult_gen_v12_0_i0'
WARNING: [IP_Flow 19-3374] An attempt to modify the value of disabled parameter 'PortBWidth' from '18' to '12' has been ignored for IP 'subsystem_mult_gen_v12_0_i0'
WARNING: [IP_Flow 19-4832] The IP name 'subsystem_mult_gen_v12_0_i1' you have specified is long. The Windows operating system has path length limitations. It is recommended you use shorter names to reduce the likelihood of issues.
WARNING: [Vivado 12-3523] Attempt to change 'Component_Name' from 'subsystem_mult_gen_v12_0_i1' to 'subsystem_mult_gen_v12_0_i1' is not allowed and is ignored.
WARNING: [IP_Flow 19-3374] An attempt to modify the value of disabled parameter 'PortBType' from 'Signed' to 'Unsigned' has been ignored for IP 'subsystem_mult_gen_v12_0_i1'
WARNING: [IP_Flow 19-3374] An attempt to modify the value of disabled parameter 'PortBWidth' from '18' to '12' has been ignored for IP 'subsystem_mult_gen_v12_0_i1'
WARNING: [IP_Flow 19-4832] The IP name 'subsystem_mult_gen_v12_0_i2' you have specified is long. The Windows operating system has path length limitations. It is recommended you use shorter names to reduce the likelihood of issues.
WARNING: [Vivado 12-3523] Attempt to change 'Component_Name' from 'subsystem_mult_gen_v12_0_i2' to 'subsystem_mult_gen_v12_0_i2' is not allowed and is ignored.
WARNING: [IP_Flow 19-3374] An attempt to modify the value of disabled parameter 'PortBType' from 'Signed' to 'Unsigned' has been ignored for IP 'subsystem_mult_gen_v12_0_i2'
WARNING: [IP_Flow 19-3374] An attempt to modify the value of disabled parameter 'PortBWidth' from '18' to '12' has been ignored for IP 'subsystem_mult_gen_v12_0_i2'
IP Repository Located at : C:/Xilinx/Vivado/2023.2/data/ip
Scanning sources...
Finished scanning sources
INFO: [IP_Flow 19-234] Refreshing IP repositories
INFO: [IP_Flow 19-1704] No user IP repositories specified
INFO: [IP_Flow 19-2313] Loaded Vivado IP repository 'C:/Xilinx/Vivado/2023.2/data/ip'.
Adding File c:/Users/Project/Desktop/gray_conversion/code/ip/Subsystem/src/ip_catalog/subsystem.srcs/sources_1/ip/subsystem_c_addsub_v12_0_i0/subsystem_c_addsub_v12_0_i0.xci
Adding File c:/Users/Project/Desktop/gray_conversion/code/ip/Subsystem/src/ip_catalog/subsystem.srcs/sources_1/ip/subsystem_c_addsub_v12_0_i1/subsystem_c_addsub_v12_0_i1.xci
Adding File c:/Users/Project/Desktop/gray_conversion/code/ip/Subsystem/src/ip_catalog/subsystem.srcs/sources_1/ip/subsystem_mult_gen_v12_0_i0/subsystem_mult_gen_v12_0_i0.xci
Adding File c:/Users/Project/Desktop/gray_conversion/code/ip/Subsystem/src/ip_catalog/subsystem.srcs/sources_1/ip/subsystem_mult_gen_v12_0_i1/subsystem_mult_gen_v12_0_i1.xci
Adding File c:/Users/Project/Desktop/gray_conversion/code/ip/Subsystem/src/ip_catalog/subsystem.srcs/sources_1/ip/subsystem_mult_gen_v12_0_i2/subsystem_mult_gen_v12_0_i2.xci
Adding File C:/Users/Project/Desktop/gray_conversion/code/ip/Subsystem/src/sysgen/subsystem.xdc
INFO: [IP_Flow 19-5107] Inferred bus interface 'clk' of definition 'xilinx.com:signal:clock:1.0' (from TCL Argument).
WARNING: [IP_Flow 19-5661] Bus Interface 'clk' does not have any bus interfaces associated with it.
WARNING: [IP_Flow 19-11770] Clock interface 'clk' has no FREQ_HZ parameter.
INFO: [IP_Flow 19-2181] Payment Required is not set for this core.
INFO: [IP_Flow 19-2187] The Product Guide file is missing.
INFO: [Ipptcl 7-1486] check_integrity: Integrity check passed.
INFO: [IP_Flow 19-234] Refreshing IP repositories
INFO: [IP_Flow 19-1700] Loaded user IP repository 'c:/Users/Project/Desktop/gray_conversion/code/ip/Subsystem/src/ip'.
WARNING: [IP_Flow 19-3656] If you move the project, the path for repository 'c:/Users/Project/Desktop/gray_conversion/code/ip/Subsystem/src/ip' may become invalid. A better location for the repository would be in a path adjacent to the project. (Current project location is 'c:/Users/Project/Desktop/gray_conversion/code/ip/Subsystem/src/ip_catalog'.)
0
Wrote  : <C:\Users\Project\Desktop\gray_conversion\code\ip\Subsystem\src\ip_catalog\subsystem.srcs\sources_1\bd\Subsystem_bd\Subsystem_bd.bd> 
WARNING: [BD 5-232] No interface pins matched 'get_bd_intf_pins /Subsystem_1/*'
WARNING: [BD 5-232] No interface pins matched 'get_bd_intf_pins /Subsystem_1/*'
WARNING: [BD 5-670] It is required to provide a frequency value for a user created input clock port. Please use the <-freq_hz $freq_val> argument of the create_bd_port command. ie create_bd_port -dir I -type clk -freq_hz 100000000 clkin
WARNING: [BD 5-232] No interface pins matched 'get_bd_intf_pins /Subsystem_1/*'
Wrote  : <C:\Users\Project\Desktop\gray_conversion\code\ip\Subsystem\src\ip_catalog\subsystem.srcs\sources_1\bd\Subsystem_bd\Subsystem_bd.bd> 
WARNING: [Vivado 12-818] No files matched '*vhd'
update_compile_order: Time (s): cpu = 00:00:00 ; elapsed = 00:00:15 . Memory (MB): peak = 853.938 ; gain = 0.000
INFO: [Common 17-206] Exiting Vivado at Mon Mar 11 12:52:27 2024...
